app/build/intermediates/manifest_merge_blame_file/debug/manifest-merger-blame-debug-report.txt
1<?xml version="1.0" encoding="utf-8"?>
2<manifest xmlns:android="http://schemas.android.com/apk/res/android"
3    package="com.azhar.bacaansholat"
4    android:versionCode="1"
5    android:versionName="1.0" >
6
7    <uses-sdk
8        android:minSdkVersion="21"
8-->src\main\AndroidManifest.xml
9        android:targetSdkVersion="29" />
9-->src\main\AndroidManifest.xml
10
11    <uses-permission android:name="android.permission.INTERNET" />
11-->src\main\AndroidManifest.xml:4:5-67
11-->src\main\AndroidManifest.xml:4:22-64
12
13    <application
13-->src\main\AndroidManifest.xml:6:5-39:19
14        android:allowBackup="true"
14-->src\main\AndroidManifest.xml:7:9-35
15        android:appComponentFactory="androidx.core.app.CoreComponentFactory"
15-->[androidx.core:core:1.3.1] AndroidManifest.xml:24:18-86
16        android:debuggable="true"
17        android:icon="@mipmap/ic_launcher"
17-->src\main\AndroidManifest.xml:8:9-43
18        android:label="@string/app_name"
18-->src\main\AndroidManifest.xml:9:9-41
19        android:roundIcon="@mipmap/ic_launcher_round"
19-->src\main\AndroidManifest.xml:10:9-54
20        android:supportsRtl="true"
20-->src\main\AndroidManifest.xml:11:9-35
21        android:testOnly="true"
22        android:theme="@style/AppTheme" >
22-->src\main\AndroidManifest.xml:12:9-40
23        <activity
23-->src\main\AndroidManifest.xml:13:9-15:40
24            android:name="com.azhar.bacaansholat.activities.JadwalSholatActivity"
24-->src\main\AndroidManifest.xml:14:13-60
25            android:exported="false" />
25-->src\main\AndroidManifest.xml:15:13-37
26        <activity
26-->src\main\AndroidManifest.xml:16:9-18:40
27            android:name="com.azhar.bacaansholat.activities.GerakanSholatActivity"
27-->src\main\AndroidManifest.xml:17:13-61
28            android:exported="false" />
28-->src\main\AndroidManifest.xml:18:13-37
29        <activity
29-->src\main\AndroidManifest.xml:19:9-21:40
30            android:name="com.azhar.bacaansholat.activities.DoaActivity"
30-->src\main\AndroidManifest.xml:20:13-51
31            android:exported="false" />
31-->src\main\AndroidManifest.xml:21:13-37
32        <activity
32-->src\main\AndroidManifest.xml:22:9-24:40
33            android:name="com.azhar.bacaansholat.activities.AyatPendekActivity"
33-->src\main\AndroidManifest.xml:23:13-58
34            android:exported="false" />
34-->src\main\AndroidManifest.xml:24:13-37
35        <activity android:name="com.azhar.bacaansholat.activities.AyatKursiActivity" />
35-->src\main\AndroidManifest.xml:25:9-66
35-->src\main\AndroidManifest.xml:25:19-63
36        <activity
36-->src\main\AndroidManifest.xml:26:9-28:59
37            android:name="com.azhar.bacaansholat.activities.BacaanShalatActivity"
37-->src\main\AndroidManifest.xml:27:13-60
38            android:theme="@style/AppTheme.NoActionBar" />
38-->src\main\AndroidManifest.xml:28:13-56
39        <activity
39-->src\main\AndroidManifest.xml:29:9-31:59
40            android:name="com.azhar.bacaansholat.activities.NiatShalatActivity"
40-->src\main\AndroidManifest.xml:30:13-58
41            android:theme="@style/AppTheme.NoActionBar" />
41-->src\main\AndroidManifest.xml:31:13-56
42        <activity android:name="com.azhar.bacaansholat.activities.MainActivity" >
42-->src\main\AndroidManifest.xml:32:9-38:20
42-->src\main\AndroidManifest.xml:32:19-58
43            <intent-filter>
43-->src\main\AndroidManifest.xml:33:13-37:29
44                <action android:name="android.intent.action.MAIN" />
44-->src\main\AndroidManifest.xml:34:17-69
44-->src\main\AndroidManifest.xml:34:25-66
45
46                <category android:name="android.intent.category.LAUNCHER" />
46-->src\main\AndroidManifest.xml:36:17-77
46-->src\main\AndroidManifest.xml:36:27-74
47            </intent-filter>
48        </activity>
49    </application>
50
51</manifest>